[1021/140327.570:ERROR:process_memory_win.cc(73)] ReadMemory at 0x7ff6a05a0000 of 64 bytes failed: 仅完成部分的 ReadProcessMemory 或 WriteProcessMemory 请求。 (0x12B)
[1021/140327.571:WARNING:pe_image_reader.cc(340)] could not read dos header from C:\Program Files (x86)\Google\Chrome\Application\chrome.exe
[1021/140327.571:ERROR:process_memory_win.cc(73)] ReadMemory at 0x7ffda7800000 of 64 bytes failed: 仅完成部分的 ReadProcessMemory 或 WriteProcessMemory 请求。 (0x12B)
[1021/140327.571:WARNING:pe_image_reader.cc(340)] could not read dos header from C:\Windows\SYSTEM32\ntdll.dll
[1021/140327.571:ERROR:process_memory_win.cc(73)] ReadMemory at 0x7ffda68e0000 of 64 bytes failed: 仅完成部分的 ReadProcessMemory 或 WriteProcessMemory 请求。 (0x12B)
[1021/140327.571:WARNING:pe_image_reader.cc(340)] could not read dos header from C:\Windows\System32\KERNEL32.DLL
[1021/140327.571:ERROR:process_memory_win.cc(73)] ReadMemory at 0x7ffda4810000 of 64 bytes failed: 仅完成部分的 ReadProcessMemory 或 WriteProcessMemory 请求。 (0x12B)
[1021/140327.571:WARNING:pe_image_reader.cc(340)] could not read dos header from C:\Windows\System32\KERNELBASE.dll
[1021/140327.571:ERROR:process_memory_win.cc(73)] ReadMemory at 0x7ffd68590000 of 64 bytes failed: 仅完成部分的 ReadProcessMemory 或 WriteProcessMemory 请求。 (0x12B)
[1021/140327.571:WARNING:pe_image_reader.cc(340)] could not read dos header from C:\Program Files (x86)\Google\Chrome\Application\86.0.4240.75\chrome_elf.dll
[1021/140327.571:ERROR:process_memory_win.cc(73)] ReadMemory at 0x7ffd9f6a0000 of 64 bytes failed: 仅完成部分的 ReadProcessMemory 或 WriteProcessMemory 请求。 (0x12B)
[1021/140327.571:WARNING:pe_image_reader.cc(340)] could not read dos header from C:\Windows\SYSTEM32\VERSION.dll
[1021/140327.571:ERROR:process_memory_win.cc(73)] ReadMemory at 0x7ffda76c0000 of 64 bytes failed: 仅完成部分的 ReadProcessMemory 或 WriteProcessMemory 请求。 (0x12B)
[1021/140327.571:WARNING:pe_image_reader.cc(340)] could not read dos header from C:\Windows\System32\msvcrt.dll
[1021/140327.571:ERROR:process_memory_win.cc(73)] ReadMemory at 0x7ffda4d80000 of 64 bytes failed: 仅完成部分的 ReadProcessMemory 或 WriteProcessMemory 请求。 (0x12B)
[1021/140327.571:WARNING:pe_image_reader.cc(340)] could not read dos header from C:\Windows\System32\bcryptPrimitives.dll
[1021/140327.572:ERROR:process_memory_win.cc(73)] ReadMemory at 0x7ffda6d10000 of 64 bytes failed: 仅完成部分的 ReadProcessMemory 或 WriteProcessMemory 请求。 (0x12B)
[1021/140327.572:WARNING:pe_image_reader.cc(340)] could not read dos header from C:\Windows\System32\ADVAPI32.dll
[1021/140327.572:ERROR:process_memory_win.cc(73)] ReadMemory at 0x7ffda6840000 of 64 bytes failed: 仅完成部分的 ReadProcessMemory 或 WriteProcessMemory 请求。 (0x12B)
[1021/140327.572:WARNING:pe_image_reader.cc(340)] could not read dos header from C:\Windows\System32\sechost.dll
[1021/140327.572:ERROR:process_memory_win.cc(73)] ReadMemory at 0x7ffda6540000 of 64 bytes failed: 仅完成部分的 ReadProcessMemory 或 WriteProcessMemory 请求。 (0x12B)
[1021/140327.572:WARNING:pe_image_reader.cc(340)] could not read dos header from C:\Windows\System32\RPCRT4.dll
[1021/140327.572:ERROR:process_memory_win.cc(73)] ReadMemory at 0x7ffd204a0000 of 64 bytes failed: 仅完成部分的 ReadProcessMemory 或 WriteProcessMemory 请求。 (0x12B)
[1021/140327.572:WARNING:pe_image_reader.cc(340)] could not read dos header from C:\Program Files (x86)\Google\Chrome\Application\86.0.4240.75\chrome.dll
[1021/140327.572:ERROR:process_memory_win.cc(73)] ReadMemory at 0x7ffda67d0000 of 64 bytes failed: 仅完成部分的 ReadProcessMemory 或 WriteProcessMemory 请求。 (0x12B)
[1021/140327.572:WARNING:pe_image_reader.cc(340)] could not read dos header from C:\Windows\System32\WS2_32.dll
[1021/140327.572:ERROR:process_memory_win.cc(73)] ReadMemory at 0x7ffda6700000 of 64 bytes failed: 仅完成部分的 ReadProcessMemory 或 WriteProcessMemory 请求。 (0x12B)
[1021/140327.572:WARNING:pe_image_reader.cc(340)] could not read dos header from C:\Windows\System32\OLEAUT32.dll
[1021/140327.572:ERROR:process_memory_win.cc(73)] ReadMemory at 0x7ffda4b90000 of 64 bytes failed: 仅完成部分的 ReadProcessMemory 或 WriteProcessMemory 请求。 (0x12B)
[1021/140327.572:WARNING:pe_image_reader.cc(340)] could not read dos header from C:\Windows\System32\msvcp_win.dll
[1021/140327.572:ERROR:process_memory_win.cc(73)] ReadMemory at 0x7ffda5610000 of 64 bytes failed: 仅完成部分的 ReadProcessMemory 或 WriteProcessMemory 请求。 (0x12B)
[1021/140327.572:WARNING:pe_image_reader.cc(340)] could not read dos header from C:\Windows\System32\ucrtbase.dll
[1021/140327.572:ERROR:process_memory_win.cc(73)] ReadMemory at 0x7ffda5a60000 of 64 bytes failed: 仅完成部分的 ReadProcessMemory 或 WriteProcessMemory 请求。 (0x12B)
[1021/140327.572:WARNING:pe_image_reader.cc(340)] could not read dos header from C:\Windows\System32\combase.dll
[1021/140327.572:ERROR:process_memory_win.cc(73)] ReadMemory at 0x7ffda5580000 of 64 bytes failed: 仅完成部分的 ReadProcessMemory 或 WriteProcessMemory 请求。 (0x12B)
[1021/140327.572:WARNING:pe_image_reader.cc(340)] could not read dos header from C:\Windows\System32\WINTRUST.dll
[1021/140327.572:ERROR:process_memory_win.cc(73)] ReadMemory at 0x7ffda4740000 of 64 bytes failed: 仅完成部分的 ReadProcessMemory 或 WriteProcessMemory 请求。 (0x12B)
[1021/140327.572:WARNING:pe_image_reader.cc(340)] could not read dos header from C:\Windows\System32\MSASN1.dll
[1021/140327.572:ERROR:process_memory_win.cc(73)] ReadMemory at 0x7ffda4c30000 of 64 bytes failed: 仅完成部分的 ReadProcessMemory 或 WriteProcessMemory 请求。 (0x12B)
[1021/140327.572:WARNING:pe_image_reader.cc(340)] could not read dos header from C:\Windows\System32\CRYPT32.dll
[1021/140327.572:ERROR:process_memory_win.cc(73)] ReadMemory at 0x7ffda3070000 of 64 bytes failed: 仅完成部分的 ReadProcessMemory 或 WriteProcessMemory 请求。 (0x12B)
[1021/140327.572:WARNING:pe_image_reader.cc(340)] could not read dos header from C:\Windows\SYSTEM32\dbghelp.dll
[1021/140327.572:ERROR:process_memory_win.cc(73)] ReadMemory at 0x7ffda3c20000 of 64 bytes failed: 仅完成部分的 ReadProcessMemory 或 WriteProcessMemory 请求。 (0x12B)
[1021/140327.572:WARNING:pe_image_reader.cc(340)] could not read dos header from C:\Windows\SYSTEM32\IPHLPAPI.DLL
[1021/140327.572:ERROR:process_memory_win.cc(73)] ReadMemory at 0x7ffd8a0a0000 of 64 bytes failed: 仅完成部分的 ReadProcessMemory 或 WriteProcessMemory 请求。 (0x12B)
[1021/140327.572:WARNING:pe_image_reader.cc(340)] could not read dos header from C:\Windows\SYSTEM32\WINMM.dll
[1021/140327.572:ERROR:process_memory_win.cc(73)] ReadMemory at 0x7ffd7f9c0000 of 64 bytes failed: 仅完成部分的 ReadProcessMemory 或 WriteProcessMemory 请求。 (0x12B)
[1021/140327.572:WARNING:pe_image_reader.cc(340)] could not read dos header from C:\Windows\SYSTEM32\UIAutomationCore.DLL
[1021/140327.572:ERROR:process_memory_win.cc(73)] ReadMemory at 0x7ffd8ba30000 of 64 bytes failed: 仅完成部分的 ReadProcessMemory 或 WriteProcessMemory 请求。 (0x12B)
[1021/140327.572:WARNING:pe_image_reader.cc(340)] could not read dos header from C:\Windows\SYSTEM32\Secur32.dll
[1021/140327.572:ERROR:process_memory_win.cc(73)] ReadMemory at 0x7ffda45a0000 of 64 bytes failed: 仅完成部分的 ReadProcessMemory 或 WriteProcessMemory 请求。 (0x12B)
[1021/140327.572:WARNING:pe_image_reader.cc(340)] could not read dos header from C:\Windows\SYSTEM32\USERENV.dll
[1021/140327.572:ERROR:process_memory_win.cc(73)] ReadMemory at 0x7ffda4760000 of 64 bytes failed: 仅完成部分的 ReadProcessMemory 或 WriteProcessMemory 请求。 (0x12B)
[1021/140327.572:WARNING:pe_image_reader.cc(340)] could not read dos header from C:\Windows\System32\profapi.dll
[1021/140327.572:ERROR:process_memory_win.cc(73)] ReadMemory at 0x7ffd961e0000 of 64 bytes failed: 仅完成部分的 ReadProcessMemory 或 WriteProcessMemory 请求。 (0x12B)
[1021/140327.572:WARNING:pe_image_reader.cc(340)] could not read dos header from C:\Windows\SYSTEM32\DWrite.dll
[1021/140327.572:ERROR:process_memory_win.cc(73)] ReadMemory at 0x7ffd8dc90000 of 64 bytes failed: 仅完成部分的 ReadProcessMemory 或 WriteProcessMemory 请求。 (0x12B)
[1021/140327.572:WARNING:pe_image_reader.cc(340)] could not read dos header from C:\Windows\SYSTEM32\WINSPOOL.DRV
[1021/140327.572:ERROR:process_memory_win.cc(73)] ReadMemory at 0x7ffda46d0000 of 64 bytes failed: 仅完成部分的 ReadProcessMemory 或 WriteProcessMemory 请求。 (0x12B)
[1021/140327.572:WARNING:pe_image_reader.cc(340)] could not read dos header from C:\Windows\System32\kernel.appcore.dll
[1021/140327.572:ERROR:process_memory_win.cc(73)] ReadMemory at 0x7ffda55e0000 of 64 bytes failed: 仅完成部分的 ReadProcessMemory 或 WriteProcessMemory 请求。 (0x12B)
[1021/140327.572:WARNING:pe_image_reader.cc(340)] could not read dos header from C:\Windows\System32\bcrypt.dll
[1021/140327.572:ERROR:process_memory_win.cc(73)] ReadMemory at 0x7ffda0b80000 of 64 bytes failed: 仅完成部分的 ReadProcessMemory 或 WriteProcessMemory 请求。 (0x12B)
[1021/140327.572:WARNING:pe_image_reader.cc(340)] could not read dos header from C:\Windows\SYSTEM32\WINHTTP.dll
[1021/140327.572:ERROR:process_memory_win.cc(73)] ReadMemory at 0x7ffd9fc10000 of 64 bytes failed: 仅完成部分的 ReadProcessMemory 或 WriteProcessMemory 请求。 (0x12B)
[1021/140327.572:WARNING:pe_image_reader.cc(340)] could not read dos header from C:\Windows\SYSTEM32\dhcpcsvc.DLL
[1021/140327.572:ERROR:process_memory_win.cc(73)] ReadMemory at 0x7ffda6bb0000 of 64 bytes failed: 仅完成部分的 ReadProcessMemory 或 WriteProcessMemory 请求。 (0x12B)
[1021/140327.572:WARNING:pe_image_reader.cc(340)] could not read dos header from C:\Windows\System32\NSI.dll
[1021/140327.572:ERROR:process_memory_win.cc(73)] ReadMemory at 0x7ffd8e8c0000 of 64 bytes failed: 仅完成部分的 ReadProcessMemory 或 WriteProcessMemory 请求。 (0x12B)
[1021/140327.572:WARNING:pe_image_reader.cc(340)] could not read dos header from C:\Windows\SYSTEM32\WINMMBASE.dll
[1021/140327.572:ERROR:process_memory_win.cc(73)] ReadMemory at 0x7ffda47c0000 of 64 bytes failed: 仅完成部分的 ReadProcessMemory 或 WriteProcessMemory 请求。 (0x12B)
[1021/140327.572:WARNING:pe_image_reader.cc(340)] could not read dos header from C:\Windows\System32\cfgmgr32.dll
[1021/140327.572:ERROR:process_memory_win.cc(73)] ReadMemory at 0x7ffda0460000 of 64 bytes failed: 仅完成部分的 ReadProcessMemory 或 WriteProcessMemory 请求。 (0x12B)
[1021/140327.572:WARNING:pe_image_reader.cc(340)] could not read dos header from C:\Windows\SYSTEM32\PROPSYS.dll
[1021/140327.572:ERROR:process_memory_win.cc(73)] ReadMemory at 0x7ffda6dc0000 of 64 bytes failed: 仅完成部分的 ReadProcessMemory 或 WriteProcessMemory 请求。 (0x12B)
[1021/140327.572:WARNING:pe_image_reader.cc(340)] could not read dos header from C:\Windows\System32\shcore.dll
[1021/140327.572:ERROR:process_memory_win.cc(73)] ReadMemory at 0x7ffda45d0000 of 64 bytes failed: 仅完成部分的 ReadProcessMemory 或 WriteProcessMemory 请求。 (0x12B)
[1021/140327.572:WARNING:pe_image_reader.cc(340)] could not read dos header from C:\Windows\SYSTEM32\SSPICLI.DLL
[1021/140327.572:ERROR:process_memory_win.cc(73)] ReadMemory at 0x7ffda4140000 of 64 bytes failed: 仅完成部分的 ReadProcessMemory 或 WriteProcessMemory 请求。 (0x12B)
[1021/140327.572:WARNING:pe_image_reader.cc(340)] could not read dos header from C:\Windows\SYSTEM32\CRYPTBASE.DLL
[1021/140327.576:ERROR:process_memory_win.cc(73)] ReadMemory at 0x7ff6a05a0000 of 64 bytes failed: 仅完成部分的 ReadProcessMemory 或 WriteProcessMemory 请求。 (0x12B)
[1021/140327.576:WARNING:pe_image_reader.cc(340)] could not read dos header from C:\Program Files (x86)\Google\Chrome\Application\chrome.exe
[1021/140327.576:ERROR:process_memory_win.cc(73)] ReadMemory at 0x7ffda7800000 of 64 bytes failed: 仅完成部分的 ReadProcessMemory 或 WriteProcessMemory 请求。 (0x12B)
[1021/140327.576:WARNING:pe_image_reader.cc(340)] could not read dos header from C:\Windows\SYSTEM32\ntdll.dll
[1021/140327.577:ERROR:process_memory_win.cc(73)] ReadMemory at 0x7ffda68e0000 of 64 bytes failed: 仅完成部分的 ReadProcessMemory 或 WriteProcessMemory 请求。 (0x12B)
[1021/140327.577:WARNING:pe_image_reader.cc(340)] could not read dos header from C:\Windows\System32\KERNEL32.DLL
[1021/140327.577:ERROR:process_memory_win.cc(73)] ReadMemory at 0x7ffda4810000 of 64 bytes failed: 仅完成部分的 ReadProcessMemory 或 WriteProcessMemory 请求。 (0x12B)
[1021/140327.577:WARNING:pe_image_reader.cc(340)] could not read dos header from C:\Windows\System32\KERNELBASE.dll
[1021/140327.577:ERROR:process_memory_win.cc(73)] ReadMemory at 0x7ffd68590000 of 64 bytes failed: 仅完成部分的 ReadProcessMemory 或 WriteProcessMemory 请求。 (0x12B)
[1021/140327.577:WARNING:pe_image_reader.cc(340)] could not read dos header from C:\Program Files (x86)\Google\Chrome\Application\86.0.4240.75\chrome_elf.dll
[1021/140327.577:ERROR:process_memory_win.cc(73)] ReadMemory at 0x7ffd9f6a0000 of 64 bytes failed: 仅完成部分的 ReadProcessMemory 或 WriteProcessMemory 请求。 (0x12B)
[1021/140327.577:WARNING:pe_image_reader.cc(340)] could not read dos header from C:\Windows\SYSTEM32\VERSION.dll
[1021/140327.577:ERROR:process_memory_win.cc(73)] ReadMemory at 0x7ffda76c0000 of 64 bytes failed: 仅完成部分的 ReadProcessMemory 或 WriteProcessMemory 请求。 (0x12B)
[1021/140327.577:WARNING:pe_image_reader.cc(340)] could not read dos header from C:\Windows\System32\msvcrt.dll
[1021/140327.577:ERROR:process_memory_win.cc(73)] ReadMemory at 0x7ffda4d80000 of 64 bytes failed: 仅完成部分的 ReadProcessMemory 或 WriteProcessMemory 请求。 (0x12B)
[1021/140327.577:WARNING:pe_image_reader.cc(340)] could not read dos header from C:\Windows\System32\bcryptPrimitives.dll
[1021/140327.577:ERROR:process_memory_win.cc(73)] ReadMemory at 0x7ffda6d10000 of 64 bytes failed: 仅完成部分的 ReadProcessMemory 或 WriteProcessMemory 请求。 (0x12B)
[1021/140327.577:WARNING:pe_image_reader.cc(340)] could not read dos header from C:\Windows\System32\ADVAPI32.dll
[1021/140327.577:ERROR:process_memory_win.cc(73)] ReadMemory at 0x7ffda6840000 of 64 bytes failed: 仅完成部分的 ReadProcessMemory 或 WriteProcessMemory 请求。 (0x12B)
[1021/140327.577:WARNING:pe_image_reader.cc(340)] could not read dos header from C:\Windows\System32\sechost.dll
[1021/140327.577:ERROR:process_memory_win.cc(73)] ReadMemory at 0x7ffda6540000 of 64 bytes failed: 仅完成部分的 ReadProcessMemory 或 WriteProcessMemory 请求。 (0x12B)
[1021/140327.577:WARNING:pe_image_reader.cc(340)] could not read dos header from C:\Windows\System32\RPCRT4.dll
[1021/140327.577:ERROR:process_memory_win.cc(73)] ReadMemory at 0x7ffd204a0000 of 64 bytes failed: 仅完成部分的 ReadProcessMemory 或 WriteProcessMemory 请求。 (0x12B)
[1021/140327.577:WARNING:pe_image_reader.cc(340)] could not read dos header from C:\Program Files (x86)\Google\Chrome\Application\86.0.4240.75\chrome.dll
[1021/140327.577:ERROR:process_memory_win.cc(73)] ReadMemory at 0x7ffda67d0000 of 64 bytes failed: 仅完成部分的 ReadProcessMemory 或 WriteProcessMemory 请求。 (0x12B)
[1021/140327.577:WARNING:pe_image_reader.cc(340)] could not read dos header from C:\Windows\System32\WS2_32.dll
[1021/140327.577:ERROR:process_memory_win.cc(73)] ReadMemory at 0x7ffda6700000 of 64 bytes failed: 仅完成部分的 ReadProcessMemory 或 WriteProcessMemory 请求。 (0x12B)
[1021/140327.577:WARNING:pe_image_reader.cc(340)] could not read dos header from C:\Windows\System32\OLEAUT32.dll
[1021/140327.577:ERROR:process_memory_win.cc(73)] ReadMemory at 0x7ffda4b90000 of 64 bytes failed: 仅完成部分的 ReadProcessMemory 或 WriteProcessMemory 请求。 (0x12B)
[1021/140327.577:WARNING:pe_image_reader.cc(340)] could not read dos header from C:\Windows\System32\msvcp_win.dll
[1021/140327.577:ERROR:process_memory_win.cc(73)] ReadMemory at 0x7ffda5610000 of 64 bytes failed: 仅完成部分的 ReadProcessMemory 或 WriteProcessMemory 请求。 (0x12B)
[1021/140327.577:WARNING:pe_image_reader.cc(340)] could not read dos header from C:\Windows\System32\ucrtbase.dll
[1021/140327.577:ERROR:process_memory_win.cc(73)] ReadMemory at 0x7ffda5a60000 of 64 bytes failed: 仅完成部分的 ReadProcessMemory 或 WriteProcessMemory 请求。 (0x12B)
[1021/140327.577:WARNING:pe_image_reader.cc(340)] could not read dos header from C:\Windows\System32\combase.dll
[1021/140327.577:ERROR:process_memory_win.cc(73)] ReadMemory at 0x7ffda5580000 of 64 bytes failed: 仅完成部分的 ReadProcessMemory 或 WriteProcessMemory 请求。 (0x12B)
[1021/140327.577:WARNING:pe_image_reader.cc(340)] could not read dos header from C:\Windows\System32\WINTRUST.dll
[1021/140327.577:ERROR:process_memory_win.cc(73)] ReadMemory at 0x7ffda4740000 of 64 bytes failed: 仅完成部分的 ReadProcessMemory 或 WriteProcessMemory 请求。 (0x12B)
[1021/140327.577:WARNING:pe_image_reader.cc(340)] could not read dos header from C:\Windows\System32\MSASN1.dll
[1021/140327.577:ERROR:process_memory_win.cc(73)] ReadMemory at 0x7ffda4c30000 of 64 bytes failed: 仅完成部分的 ReadProcessMemory 或 WriteProcessMemory 请求。 (0x12B)
[1021/140327.577:WARNING:pe_image_reader.cc(340)] could not read dos header from C:\Windows\System32\CRYPT32.dll
[1021/140327.577:ERROR:process_memory_win.cc(73)] ReadMemory at 0x7ffda3070000 of 64 bytes failed: 仅完成部分的 ReadProcessMemory 或 WriteProcessMemory 请求。 (0x12B)
[1021/140327.577:WARNING:pe_image_reader.cc(340)] could not read dos header from C:\Windows\SYSTEM32\dbghelp.dll
[1021/140327.577:ERROR:process_memory_win.cc(73)] ReadMemory at 0x7ffda3c20000 of 64 bytes failed: 仅完成部分的 ReadProcessMemory 或 WriteProcessMemory 请求。 (0x12B)
[1021/140327.577:WARNING:pe_image_reader.cc(340)] could not read dos header from C:\Windows\SYSTEM32\IPHLPAPI.DLL
[1021/140327.577:ERROR:process_memory_win.cc(73)] ReadMemory at 0x7ffd8a0a0000 of 64 bytes failed: 仅完成部分的 ReadProcessMemory 或 WriteProcessMemory 请求。 (0x12B)
[1021/140327.577:WARNING:pe_image_reader.cc(340)] could not read dos header from C:\Windows\SYSTEM32\WINMM.dll
[1021/140327.577:ERROR:process_memory_win.cc(73)] ReadMemory at 0x7ffd7f9c0000 of 64 bytes failed: 仅完成部分的 ReadProcessMemory 或 WriteProcessMemory 请求。 (0x12B)
[1021/140327.577:WARNING:pe_image_reader.cc(340)] could not read dos header from C:\Windows\SYSTEM32\UIAutomationCore.DLL
[1021/140327.577:ERROR:process_memory_win.cc(73)] ReadMemory at 0x7ffd8ba30000 of 64 bytes failed: 仅完成部分的 ReadProcessMemory 或 WriteProcessMemory 请求。 (0x12B)
[1021/140327.577:WARNING:pe_image_reader.cc(340)] could not read dos header from C:\Windows\SYSTEM32\Secur32.dll
[1021/140327.577:ERROR:process_memory_win.cc(73)] ReadMemory at 0x7ffda45a0000 of 64 bytes failed: 仅完成部分的 ReadProcessMemory 或 WriteProcessMemory 请求。 (0x12B)
[1021/140327.577:WARNING:pe_image_reader.cc(340)] could not read dos header from C:\Windows\SYSTEM32\USERENV.dll
[1021/140327.577:ERROR:process_memory_win.cc(73)] ReadMemory at 0x7ffda4760000 of 64 bytes failed: 仅完成部分的 ReadProcessMemory 或 WriteProcessMemory 请求。 (0x12B)
[1021/140327.577:WARNING:pe_image_reader.cc(340)] could not read dos header from C:\Windows\System32\profapi.dll
[1021/140327.577:ERROR:process_memory_win.cc(73)] ReadMemory at 0x7ffd961e0000 of 64 bytes failed: 仅完成部分的 ReadProcessMemory 或 WriteProcessMemory 请求。 (0x12B)
[1021/140327.577:WARNING:pe_image_reader.cc(340)] could not read dos header from C:\Windows\SYSTEM32\DWrite.dll
[1021/140327.577:ERROR:process_memory_win.cc(73)] ReadMemory at 0x7ffd8dc90000 of 64 bytes failed: 仅完成部分的 ReadProcessMemory 或 WriteProcessMemory 请求。 (0x12B)
[1021/140327.577:WARNING:pe_image_reader.cc(340)] could not read dos header from C:\Windows\SYSTEM32\WINSPOOL.DRV
[1021/140327.577:ERROR:process_memory_win.cc(73)] ReadMemory at 0x7ffda46d0000 of 64 bytes failed: 仅完成部分的 ReadProcessMemory 或 WriteProcessMemory 请求。 (0x12B)
[1021/140327.577:WARNING:pe_image_reader.cc(340)] could not read dos header from C:\Windows\System32\kernel.appcore.dll
[1021/140327.577:ERROR:process_memory_win.cc(73)] ReadMemory at 0x7ffda55e0000 of 64 bytes failed: 仅完成部分的 ReadProcessMemory 或 WriteProcessMemory 请求。 (0x12B)
[1021/140327.577:WARNING:pe_image_reader.cc(340)] could not read dos header from C:\Windows\System32\bcrypt.dll
[1021/140327.578:ERROR:process_memory_win.cc(73)] ReadMemory at 0x7ffda0b80000 of 64 bytes failed: 仅完成部分的 ReadProcessMemory 或 WriteProcessMemory 请求。 (0x12B)
[1021/140327.578:WARNING:pe_image_reader.cc(340)] could not read dos header from C:\Windows\SYSTEM32\WINHTTP.dll
[1021/140327.578:ERROR:process_memory_win.cc(73)] ReadMemory at 0x7ffd9fc10000 of 64 bytes failed: 仅完成部分的 ReadProcessMemory 或 WriteProcessMemory 请求。 (0x12B)
[1021/140327.578:WARNING:pe_image_reader.cc(340)] could not read dos header from C:\Windows\SYSTEM32\dhcpcsvc.DLL
[1021/140327.578:ERROR:process_memory_win.cc(73)] ReadMemory at 0x7ffda6bb0000 of 64 bytes failed: 仅完成部分的 ReadProcessMemory 或 WriteProcessMemory 请求。 (0x12B)
[1021/140327.578:WARNING:pe_image_reader.cc(340)] could not read dos header from C:\Windows\System32\NSI.dll
[1021/140327.578:ERROR:process_memory_win.cc(73)] ReadMemory at 0x7ffd8e8c0000 of 64 bytes failed: 仅完成部分的 ReadProcessMemory 或 WriteProcessMemory 请求。 (0x12B)
[1021/140327.578:WARNING:pe_image_reader.cc(340)] could not read dos header from C:\Windows\SYSTEM32\WINMMBASE.dll
[1021/140327.578:ERROR:process_memory_win.cc(73)] ReadMemory at 0x7ffda47c0000 of 64 bytes failed: 仅完成部分的 ReadProcessMemory 或 WriteProcessMemory 请求。 (0x12B)
[1021/140327.578:WARNING:pe_image_reader.cc(340)] could not read dos header from C:\Windows\System32\cfgmgr32.dll
[1021/140327.578:ERROR:process_memory_win.cc(73)] ReadMemory at 0x7ffda0460000 of 64 bytes failed: 仅完成部分的 ReadProcessMemory 或 WriteProcessMemory 请求。 (0x12B)
[1021/140327.578:WARNING:pe_image_reader.cc(340)] could not read dos header from C:\Windows\SYSTEM32\PROPSYS.dll
[1021/140327.578:ERROR:process_memory_win.cc(73)] ReadMemory at 0x7ffda6dc0000 of 64 bytes failed: 仅完成部分的 ReadProcessMemory 或 WriteProcessMemory 请求。 (0x12B)
[1021/140327.578:WARNING:pe_image_reader.cc(340)] could not read dos header from C:\Windows\System32\shcore.dll
[1021/140327.578:ERROR:process_memory_win.cc(73)] ReadMemory at 0x7ffda45d0000 of 64 bytes failed: 仅完成部分的 ReadProcessMemory 或 WriteProcessMemory 请求。 (0x12B)
[1021/140327.578:WARNING:pe_image_reader.cc(340)] could not read dos header from C:\Windows\SYSTEM32\SSPICLI.DLL
[1021/140327.578:ERROR:process_memory_win.cc(73)] ReadMemory at 0x7ffda4140000 of 64 bytes failed: 仅完成部分的 ReadProcessMemory 或 WriteProcessMemory 请求。 (0x12B)
[1021/140327.578:WARNING:pe_image_reader.cc(340)] could not read dos header from C:\Windows\SYSTEM32\CRYPTBASE.DLL
[1021/140327.578:ERROR:process_memory_win.cc(73)] ReadMemory at 0x7ff6a05a0000 of 64 bytes failed: 仅完成部分的 ReadProcessMemory 或 WriteProcessMemory 请求。 (0x12B)
[1021/140327.578:WARNING:pe_image_reader.cc(340)] could not read dos header from C:\Program Files (x86)\Google\Chrome\Application\chrome.exe
[1021/140327.578:ERROR:process_memory_win.cc(73)] ReadMemory at 0x7ffda7800000 of 64 bytes failed: 仅完成部分的 ReadProcessMemory 或 WriteProcessMemory 请求。 (0x12B)
[1021/140327.578:WARNING:pe_image_reader.cc(340)] could not read dos header from C:\Windows\SYSTEM32\ntdll.dll
[1021/140327.578:ERROR:process_memory_win.cc(73)] ReadMemory at 0x7ffda68e0000 of 64 bytes failed: 仅完成部分的 ReadProcessMemory 或 WriteProcessMemory 请求。 (0x12B)
[1021/140327.578:WARNING:pe_image_reader.cc(340)] could not read dos header from C:\Windows\System32\KERNEL32.DLL
[1021/140327.578:ERROR:process_memory_win.cc(73)] ReadMemory at 0x7ffda4810000 of 64 bytes failed: 仅完成部分的 ReadProcessMemory 或 WriteProcessMemory 请求。 (0x12B)
[1021/140327.578:WARNING:pe_image_reader.cc(340)] could not read dos header from C:\Windows\System32\KERNELBASE.dll
[1021/140327.578:ERROR:process_memory_win.cc(73)] ReadMemory at 0x7ffd68590000 of 64 bytes failed: 仅完成部分的 ReadProcessMemory 或 WriteProcessMemory 请求。 (0x12B)
[1021/140327.578:WARNING:pe_image_reader.cc(340)] could not read dos header from C:\Program Files (x86)\Google\Chrome\Application\86.0.4240.75\chrome_elf.dll
[1021/140327.578:ERROR:process_memory_win.cc(73)] ReadMemory at 0x7ffd9f6a0000 of 64 bytes failed: 仅完成部分的 ReadProcessMemory 或 WriteProcessMemory 请求。 (0x12B)
[1021/140327.578:WARNING:pe_image_reader.cc(340)] could not read dos header from C:\Windows\SYSTEM32\VERSION.dll
[1021/140327.578:ERROR:process_memory_win.cc(73)] ReadMemory at 0x7ffda76c0000 of 64 bytes failed: 仅完成部分的 ReadProcessMemory 或 WriteProcessMemory 请求。 (0x12B)
[1021/140327.578:WARNING:pe_image_reader.cc(340)] could not read dos header from C:\Windows\System32\msvcrt.dll
[1021/140327.578:ERROR:process_memory_win.cc(73)] ReadMemory at 0x7ffda4d80000 of 64 bytes failed: 仅完成部分的 ReadProcessMemory 或 WriteProcessMemory 请求。 (0x12B)
[1021/140327.578:WARNING:pe_image_reader.cc(340)] could not read dos header from C:\Windows\System32\bcryptPrimitives.dll
[1021/140327.578:ERROR:process_memory_win.cc(73)] ReadMemory at 0x7ffda6d10000 of 64 bytes failed: 仅完成部分的 ReadProcessMemory 或 WriteProcessMemory 请求。 (0x12B)
[1021/140327.578:WARNING:pe_image_reader.cc(340)] could not read dos header from C:\Windows\System32\ADVAPI32.dll
[1021/140327.578:ERROR:process_memory_win.cc(73)] ReadMemory at 0x7ffda6840000 of 64 bytes failed: 仅完成部分的 ReadProcessMemory 或 WriteProcessMemory 请求。 (0x12B)
[1021/140327.578:WARNING:pe_image_reader.cc(340)] could not read dos header from C:\Windows\System32\sechost.dll
[1021/140327.578:ERROR:process_memory_win.cc(73)] ReadMemory at 0x7ffda6540000 of 64 bytes failed: 仅完成部分的 ReadProcessMemory 或 WriteProcessMemory 请求。 (0x12B)
[1021/140327.578:WARNING:pe_image_reader.cc(340)] could not read dos header from C:\Windows\System32\RPCRT4.dll
[1021/140327.578:ERROR:process_memory_win.cc(73)] ReadMemory at 0x7ffd204a0000 of 64 bytes failed: 仅完成部分的 ReadProcessMemory 或 WriteProcessMemory 请求。 (0x12B)
[1021/140327.578:WARNING:pe_image_reader.cc(340)] could not read dos header from C:\Program Files (x86)\Google\Chrome\Application\86.0.4240.75\chrome.dll
[1021/140327.578:ERROR:process_memory_win.cc(73)] ReadMemory at 0x7ffda67d0000 of 64 bytes failed: 仅完成部分的 ReadProcessMemory 或 WriteProcessMemory 请求。 (0x12B)
[1021/140327.578:WARNING:pe_image_reader.cc(340)] could not read dos header from C:\Windows\System32\WS2_32.dll
[1021/140327.578:ERROR:process_memory_win.cc(73)] ReadMemory at 0x7ffda6700000 of 64 bytes failed: 仅完成部分的 ReadProcessMemory 或 WriteProcessMemory 请求。 (0x12B)
[1021/140327.578:WARNING:pe_image_reader.cc(340)] could not read dos header from C:\Windows\System32\OLEAUT32.dll
[1021/140327.578:ERROR:process_memory_win.cc(73)] ReadMemory at 0x7ffda4b90000 of 64 bytes failed: 仅完成部分的 ReadProcessMemory 或 WriteProcessMemory 请求。 (0x12B)
[1021/140327.578:WARNING:pe_image_reader.cc(340)] could not read dos header from C:\Windows\System32\msvcp_win.dll
[1021/140327.578:ERROR:process_memory_win.cc(73)] ReadMemory at 0x7ffda5610000 of 64 bytes failed: 仅完成部分的 ReadProcessMemory 或 WriteProcessMemory 请求。 (0x12B)
[1021/140327.578:WARNING:pe_image_reader.cc(340)] could not read dos header from C:\Windows\System32\ucrtbase.dll
[1021/140327.578:ERROR:process_memory_win.cc(73)] ReadMemory at 0x7ffda5a60000 of 64 bytes failed: 仅完成部分的 ReadProcessMemory 或 WriteProcessMemory 请求。 (0x12B)
[1021/140327.578:WARNING:pe_image_reader.cc(340)] could not read dos header from C:\Windows\System32\combase.dll
[1021/140327.578:ERROR:process_memory_win.cc(73)] ReadMemory at 0x7ffda5580000 of 64 bytes failed: 仅完成部分的 ReadProcessMemory 或 WriteProcessMemory 请求。 (0x12B)
[1021/140327.578:WARNING:pe_image_reader.cc(340)] could not read dos header from C:\Windows\System32\WINTRUST.dll
[1021/140327.578:ERROR:process_memory_win.cc(73)] ReadMemory at 0x7ffda4740000 of 64 bytes failed: 仅完成部分的 ReadProcessMemory 或 WriteProcessMemory 请求。 (0x12B)
[1021/140327.578:WARNING:pe_image_reader.cc(340)] could not read dos header from C:\Windows\System32\MSASN1.dll
[1021/140327.578:ERROR:process_memory_win.cc(73)] ReadMemory at 0x7ffda4c30000 of 64 bytes failed: 仅完成部分的 ReadProcessMemory 或 WriteProcessMemory 请求。 (0x12B)
[1021/140327.578:WARNING:pe_image_reader.cc(340)] could not read dos header from C:\Windows\System32\CRYPT32.dll
[1021/140327.578:ERROR:process_memory_win.cc(73)] ReadMemory at 0x7ffda3070000 of 64 bytes failed: 仅完成部分的 ReadProcessMemory 或 WriteProcessMemory 请求。 (0x12B)
[1021/140327.578:WARNING:pe_image_reader.cc(340)] could not read dos header from C:\Windows\SYSTEM32\dbghelp.dll
[1021/140327.578:ERROR:process_memory_win.cc(73)] ReadMemory at 0x7ffda3c20000 of 64 bytes failed: 仅完成部分的 ReadProcessMemory 或 WriteProcessMemory 请求。 (0x12B)
[1021/140327.578:WARNING:pe_image_reader.cc(340)] could not read dos header from C:\Windows\SYSTEM32\IPHLPAPI.DLL
[1021/140327.579:ERROR:process_memory_win.cc(73)] ReadMemory at 0x7ffd8a0a0000 of 64 bytes failed: 仅完成部分的 ReadProcessMemory 或 WriteProcessMemory 请求。 (0x12B)
[1021/140327.579:WARNING:pe_image_reader.cc(340)] could not read dos header from C:\Windows\SYSTEM32\WINMM.dll
[1021/140327.579:ERROR:process_memory_win.cc(73)] ReadMemory at 0x7ffd7f9c0000 of 64 bytes failed: 仅完成部分的 ReadProcessMemory 或 WriteProcessMemory 请求。 (0x12B)
[1021/140327.579:WARNING:pe_image_reader.cc(340)] could not read dos header from C:\Windows\SYSTEM32\UIAutomationCore.DLL
[1021/140327.579:ERROR:process_memory_win.cc(73)] ReadMemory at 0x7ffd8ba30000 of 64 bytes failed: 仅完成部分的 ReadProcessMemory 或 WriteProcessMemory 请求。 (0x12B)
[1021/140327.579:WARNING:pe_image_reader.cc(340)] could not read dos header from C:\Windows\SYSTEM32\Secur32.dll
[1021/140327.579:ERROR:process_memory_win.cc(73)] ReadMemory at 0x7ffda45a0000 of 64 bytes failed: 仅完成部分的 ReadProcessMemory 或 WriteProcessMemory 请求。 (0x12B)
[1021/140327.579:WARNING:pe_image_reader.cc(340)] could not read dos header from C:\Windows\SYSTEM32\USERENV.dll
[1021/140327.579:ERROR:process_memory_win.cc(73)] ReadMemory at 0x7ffda4760000 of 64 bytes failed: 仅完成部分的 ReadProcessMemory 或 WriteProcessMemory 请求。 (0x12B)
[1021/140327.579:WARNING:pe_image_reader.cc(340)] could not read dos header from C:\Windows\System32\profapi.dll
[1021/140327.579:ERROR:process_memory_win.cc(73)] ReadMemory at 0x7ffd961e0000 of 64 bytes failed: 仅完成部分的 ReadProcessMemory 或 WriteProcessMemory 请求。 (0x12B)
[1021/140327.579:WARNING:pe_image_reader.cc(340)] could not read dos header from C:\Windows\SYSTEM32\DWrite.dll
[1021/140327.579:ERROR:process_memory_win.cc(73)] ReadMemory at 0x7ffd8dc90000 of 64 bytes failed: 仅完成部分的 ReadProcessMemory 或 WriteProcessMemory 请求。 (0x12B)
[1021/140327.579:WARNING:pe_image_reader.cc(340)] could not read dos header from C:\Windows\SYSTEM32\WINSPOOL.DRV
[1021/140327.579:ERROR:process_memory_win.cc(73)] ReadMemory at 0x7ffda46d0000 of 64 bytes failed: 仅完成部分的 ReadProcessMemory 或 WriteProcessMemory 请求。 (0x12B)
[1021/140327.579:WARNING:pe_image_reader.cc(340)] could not read dos header from C:\Windows\System32\kernel.appcore.dll
[1021/140327.579:ERROR:process_memory_win.cc(73)] ReadMemory at 0x7ffda55e0000 of 64 bytes failed: 仅完成部分的 ReadProcessMemory 或 WriteProcessMemory 请求。 (0x12B)
[1021/140327.579:WARNING:pe_image_reader.cc(340)] could not read dos header from C:\Windows\System32\bcrypt.dll
[1021/140327.579:ERROR:process_memory_win.cc(73)] ReadMemory at 0x7ffda0b80000 of 64 bytes failed: 仅完成部分的 ReadProcessMemory 或 WriteProcessMemory 请求。 (0x12B)
[1021/140327.579:WARNING:pe_image_reader.cc(340)] could not read dos header from C:\Windows\SYSTEM32\WINHTTP.dll
[1021/140327.579:ERROR:process_memory_win.cc(73)] ReadMemory at 0x7ffd9fc10000 of 64 bytes failed: 仅完成部分的 ReadProcessMemory 或 WriteProcessMemory 请求。 (0x12B)
[1021/140327.579:WARNING:pe_image_reader.cc(340)] could not read dos header from C:\Windows\SYSTEM32\dhcpcsvc.DLL
[1021/140327.579:ERROR:process_memory_win.cc(73)] ReadMemory at 0x7ffda6bb0000 of 64 bytes failed: 仅完成部分的 ReadProcessMemory 或 WriteProcessMemory 请求。 (0x12B)
[1021/140327.579:WARNING:pe_image_reader.cc(340)] could not read dos header from C:\Windows\System32\NSI.dll
[1021/140327.579:ERROR:process_memory_win.cc(73)] ReadMemory at 0x7ffd8e8c0000 of 64 bytes failed: 仅完成部分的 ReadProcessMemory 或 WriteProcessMemory 请求。 (0x12B)
[1021/140327.579:WARNING:pe_image_reader.cc(340)] could not read dos header from C:\Windows\SYSTEM32\WINMMBASE.dll
[1021/140327.579:ERROR:process_memory_win.cc(73)] ReadMemory at 0x7ffda47c0000 of 64 bytes failed: 仅完成部分的 ReadProcessMemory 或 WriteProcessMemory 请求。 (0x12B)
[1021/140327.579:WARNING:pe_image_reader.cc(340)] could not read dos header from C:\Windows\System32\cfgmgr32.dll
[1021/140327.579:ERROR:process_memory_win.cc(73)] ReadMemory at 0x7ffda0460000 of 64 bytes failed: 仅完成部分的 ReadProcessMemory 或 WriteProcessMemory 请求。 (0x12B)
[1021/140327.579:WARNING:pe_image_reader.cc(340)] could not read dos header from C:\Windows\SYSTEM32\PROPSYS.dll
[1021/140327.579:ERROR:process_memory_win.cc(73)] ReadMemory at 0x7ffda6dc0000 of 64 bytes failed: 仅完成部分的 ReadProcessMemory 或 WriteProcessMemory 请求。 (0x12B)
[1021/140327.579:WARNING:pe_image_reader.cc(340)] could not read dos header from C:\Windows\System32\shcore.dll
[1021/140327.579:ERROR:process_memory_win.cc(73)] ReadMemory at 0x7ffda45d0000 of 64 bytes failed: 仅完成部分的 ReadProcessMemory 或 WriteProcessMemory 请求。 (0x12B)
[1021/140327.579:WARNING:pe_image_reader.cc(340)] could not read dos header from C:\Windows\SYSTEM32\SSPICLI.DLL
[1021/140327.579:ERROR:process_memory_win.cc(73)] ReadMemory at 0x7ffda4140000 of 64 bytes failed: 仅完成部分的 ReadProcessMemory 或 WriteProcessMemory 请求。 (0x12B)
[1021/140327.579:WARNING:pe_image_reader.cc(340)] could not read dos header from C:\Windows\SYSTEM32\CRYPTBASE.DLL
[1021/140327.583:ERROR:process_memory_win.cc(73)] ReadMemory at 0x6009ee000 of 73728 bytes failed: 仅完成部分的 ReadProcessMemory 或 WriteProcessMemory 请求。 (0x12B)
[1021/140327.583:ERROR:process_memory_win.cc(73)] ReadMemory at 0x6011fe000 of 8192 bytes failed: 仅完成部分的 ReadProcessMemory 或 WriteProcessMemory 请求。 (0x12B)
[1021/140327.583:ERROR:process_memory_win.cc(73)] ReadMemory at 0x6019fa000 of 24576 bytes failed: 仅完成部分的 ReadProcessMemory 或 WriteProcessMemory 请求。 (0x12B)
[1021/140327.583:ERROR:process_memory_win.cc(73)] ReadMemory at 0x6021fe000 of 8192 bytes failed: 仅完成部分的 ReadProcessMemory 或 WriteProcessMemory 请求。 (0x12B)
[1021/140327.583:ERROR:process_memory_win.cc(73)] ReadMemory at 0x6029fd000 of 12288 bytes failed: 仅完成部分的 ReadProcessMemory 或 WriteProcessMemory 请求。 (0x12B)
[1021/140327.583:ERROR:process_memory_win.cc(73)] ReadMemory at 0x6031fe000 of 8192 bytes failed: 仅完成部分的 ReadProcessMemory 或 WriteProcessMemory 请求。 (0x12B)
[1021/140327.583:ERROR:process_memory_win.cc(73)] ReadMemory at 0x6039fe000 of 8192 bytes failed: 仅完成部分的 ReadProcessMemory 或 WriteProcessMemory 请求。 (0x12B)
[1021/140327.583:ERROR:process_memory_win.cc(73)] ReadMemory at 0x6041fd000 of 12288 bytes failed: 仅完成部分的 ReadProcessMemory 或 WriteProcessMemory 请求。 (0x12B)
[1021/140327.583:ERROR:process_memory_win.cc(73)] ReadMemory at 0x6049fd000 of 12288 bytes failed: 仅完成部分的 ReadProcessMemory 或 WriteProcessMemory 请求。 (0x12B)
[1021/140327.583:ERROR:process_memory_win.cc(73)] ReadMemory at 0x6051fe000 of 8192 bytes failed: 仅完成部分的 ReadProcessMemory 或 WriteProcessMemory 请求。 (0x12B)
[1021/140327.583:ERROR:process_memory_win.cc(73)] ReadMemory at 0x6059fe000 of 8192 bytes failed: 仅完成部分的 ReadProcessMemory 或 WriteProcessMemory 请求。 (0x12B)
[1021/140327.583:ERROR:process_memory_win.cc(73)] ReadMemory at 0x6061fc000 of 16384 bytes failed: 仅完成部分的 ReadProcessMemory 或 WriteProcessMemory 请求。 (0x12B)
[1021/140327.583:ERROR:process_memory_win.cc(73)] ReadMemory at 0x6069fd000 of 12288 bytes failed: 仅完成部分的 ReadProcessMemory 或 WriteProcessMemory 请求。 (0x12B)
[1021/140327.583:ERROR:process_memory_win.cc(73)] ReadMemory at 0x6071fc000 of 16384 bytes failed: 仅完成部分的 ReadProcessMemory 或 WriteProcessMemory 请求。 (0x12B)
[1021/140327.584:ERROR:process_memory_win.cc(73)] ReadMemory at 0x6079fc000 of 16384 bytes failed: 仅完成部分的 ReadProcessMemory 或 WriteProcessMemory 请求。 (0x12B)
[1021/140327.584:ERROR:process_memory_win.cc(73)] ReadMemory at 0x6081fe000 of 8192 bytes failed: 仅完成部分的 ReadProcessMemory 或 WriteProcessMemory 请求。 (0x12B)
[1021/140327.584:ERROR:process_memory_win.cc(73)] ReadMemory at 0x6000fd000 of 852 bytes failed: 仅完成部分的 ReadProcessMemory 或 WriteProcessMemory 请求。 (0x12B)
[1021/140327.584:ERROR:process_memory_win.cc(73)] ReadMemory at 0x6000fe000 of 6024 bytes failed: 仅完成部分的 ReadProcessMemory 或 WriteProcessMemory 请求。 (0x12B)
[1021/140327.584:ERROR:process_memory_win.cc(73)] ReadMemory at 0x600100000 of 6024 bytes failed: 仅完成部分的 ReadProcessMemory 或 WriteProcessMemory 请求。 (0x12B)
[1021/140327.584:ERROR:process_memory_win.cc(73)] ReadMemory at 0x600102000 of 6024 bytes failed: 仅完成部分的 ReadProcessMemory 或 WriteProcessMemory 请求。 (0x12B)
[1021/140327.584:ERROR:process_memory_win.cc(73)] ReadMemory at 0x600104000 of 6024 bytes failed: 仅完成部分的 ReadProcessMemory 或 WriteProcessMemory 请求。 (0x12B)
[1021/140327.584:ERROR:process_memory_win.cc(73)] ReadMemory at 0x600106000 of 6024 bytes failed: 仅完成部分的 ReadProcessMemory 或 WriteProcessMemory 请求。 (0x12B)
[1021/140327.584:ERROR:process_memory_win.cc(73)] ReadMemory at 0x600108000 of 6024 bytes failed: 仅完成部分的 ReadProcessMemory 或 WriteProcessMemory 请求。 (0x12B)
[1021/140327.584:ERROR:process_memory_win.cc(73)] ReadMemory at 0x60010a000 of 6024 bytes failed: 仅完成部分的 ReadProcessMemory 或 WriteProcessMemory 请求。 (0x12B)
[1021/140327.584:ERROR:process_memory_win.cc(73)] ReadMemory at 0x60010c000 of 6024 bytes failed: 仅完成部分的 ReadProcessMemory 或 WriteProcessMemory 请求。 (0x12B)
[1021/140327.584:ERROR:process_memory_win.cc(73)] ReadMemory at 0x60010e000 of 6024 bytes failed: 仅完成部分的 ReadProcessMemory 或 WriteProcessMemory 请求。 (0x12B)
[1021/140327.584:ERROR:process_memory_win.cc(73)] ReadMemory at 0x600110000 of 6024 bytes failed: 仅完成部分的 ReadProcessMemory 或 WriteProcessMemory 请求。 (0x12B)
[1021/140327.584:ERROR:process_memory_win.cc(73)] ReadMemory at 0x600112000 of 6024 bytes failed: 仅完成部分的 ReadProcessMemory 或 WriteProcessMemory 请求。 (0x12B)
[1021/140327.584:ERROR:process_memory_win.cc(73)] ReadMemory at 0x600114000 of 6024 bytes failed: 仅完成部分的 ReadProcessMemory 或 WriteProcessMemory 请求。 (0x12B)
[1021/140327.584:ERROR:process_memory_win.cc(73)] ReadMemory at 0x600116000 of 6024 bytes failed: 仅完成部分的 ReadProcessMemory 或 WriteProcessMemory 请求。 (0x12B)
[1021/140327.584:ERROR:process_memory_win.cc(73)] ReadMemory at 0x600118000 of 6024 bytes failed: 仅完成部分的 ReadProcessMemory 或 WriteProcessMemory 请求。 (0x12B)
[1021/140327.584:ERROR:process_memory_win.cc(73)] ReadMemory at 0x60011a000 of 6024 bytes failed: 仅完成部分的 ReadProcessMemory 或 WriteProcessMemory 请求。 (0x12B)
[1021/140327.584:ERROR:process_memory_win.cc(73)] ReadMemory at 0x60011c000 of 6024 bytes failed: 仅完成部分的 ReadProcessMemory 或 WriteProcessMemory 请求。 (0x12B)
[1021/140327.584:ERROR:process_memory_win.cc(73)] ReadMemory at 0x165d3ae0fe0 of 3514 bytes failed: 仅完成部分的 ReadProcessMemory 或 WriteProcessMemory 请求。 (0x12B)
[1021/140327.584:ERROR:process_memory_win.cc(73)] ReadMemory at 0x165d3ae1db0 of 1012 bytes failed: 仅完成部分的 ReadProcessMemory 或 WriteProcessMemory 请求。 (0x12B)
[1021/140327.584:ERROR:process_memory_win.cc(73)] ReadMemory at 0x165d3ae23f8 of 118 bytes failed: 仅完成部分的 ReadProcessMemory 或 WriteProcessMemory 请求。 (0x12B)
[1021/140327.584:ERROR:process_memory_win.cc(73)] ReadMemory at 0x165d3ae2470 of 716 bytes failed: 仅完成部分的 ReadProcessMemory 或 WriteProcessMemory 请求。 (0x12B)
[1021/140327.584:ERROR:process_memory_win.cc(73)] ReadMemory at 0x165d3ae273e of 118 bytes failed: 仅完成部分的 ReadProcessMemory 或 WriteProcessMemory 请求。 (0x12B)
[1021/140327.584:ERROR:process_memory_win.cc(73)] ReadMemory at 0x165d3ae27b6 of 100 bytes failed: 仅完成部分的 ReadProcessMemory 或 WriteProcessMemory 请求。 (0x12B)
[1021/140327.584:ERROR:process_memory_win.cc(73)] ReadMemory at 0x165d3ae2830 of 58 bytes failed: 仅完成部分的 ReadProcessMemory 或 WriteProcessMemory 请求。 (0x12B)
[1021/140327.584:ERROR:process_memory_win.cc(73)] ReadMemory at 0x165d3ae2930 of 132 bytes failed: 仅完成部分的 ReadProcessMemory 或 WriteProcessMemory 请求。 (0x12B)
[1021/140327.584:ERROR:process_memory_win.cc(73)] ReadMemory at 0x165d3ae2ac0 of 132 bytes failed: 仅完成部分的 ReadProcessMemory 或 WriteProcessMemory 请求。 (0x12B)
[1021/140327.584:ERROR:process_memory_win.cc(73)] ReadMemory at 0x165d3ae2c80 of 124 bytes failed: 仅完成部分的 ReadProcessMemory 或 WriteProcessMemory 请求。 (0x12B)
[1021/140327.585:ERROR:process_memory_win.cc(73)] ReadMemory at 0x165d3ae3180 of 132 bytes failed: 仅完成部分的 ReadProcessMemory 或 WriteProcessMemory 请求。 (0x12B)
[1021/140327.585:ERROR:process_memory_win.cc(73)] ReadMemory at 0x165d3ae3310 of 64 bytes failed: 仅完成部分的 ReadProcessMemory 或 WriteProcessMemory 请求。 (0x12B)
[1021/140327.585:ERROR:process_memory_win.cc(73)] ReadMemory at 0x165d3ae34d0 of 132 bytes failed: 仅完成部分的 ReadProcessMemory 或 WriteProcessMemory 请求。 (0x12B)
[1021/140327.585:ERROR:process_memory_win.cc(73)] ReadMemory at 0x165d3ae3770 of 132 bytes failed: 仅完成部分的 ReadProcessMemory 或 WriteProcessMemory 请求。 (0x12B)
[1021/140327.585:ERROR:process_memory_win.cc(73)] ReadMemory at 0x165d3ae3900 of 68 bytes failed: 仅完成部分的 ReadProcessMemory 或 WriteProcessMemory 请求。 (0x12B)
[1021/140327.585:ERROR:process_memory_win.cc(73)] ReadMemory at 0x165d3ae4950 of 132 bytes failed: 仅完成部分的 ReadProcessMemory 或 WriteProcessMemory 请求。 (0x12B)
[1021/140327.585:ERROR:process_memory_win.cc(73)] ReadMemory at 0x165d3ae4ae0 of 152 bytes failed: 仅完成部分的 ReadProcessMemory 或 WriteProcessMemory 请求。 (0x12B)
[1021/140327.585:ERROR:process_memory_win.cc(73)] ReadMemory at 0x165d3ae57c0 of 62 bytes failed: 仅完成部分的 ReadProcessMemory 或 WriteProcessMemory 请求。 (0x12B)
[1021/140327.585:ERROR:process_memory_win.cc(73)] ReadMemory at 0x165d3ae5d70 of 132 bytes failed: 仅完成部分的 ReadProcessMemory 或 WriteProcessMemory 请求。 (0x12B)
[1021/140327.585:ERROR:process_memory_win.cc(73)] ReadMemory at 0x165d3ae5ea0 of 60 bytes failed: 仅完成部分的 ReadProcessMemory 或 WriteProcessMemory 请求。 (0x12B)
[1021/140327.585:ERROR:process_memory_win.cc(73)] ReadMemory at 0x165d3aec4f0 of 54 bytes failed: 仅完成部分的 ReadProcessMemory 或 WriteProcessMemory 请求。 (0x12B)
[1021/140327.585:ERROR:process_memory_win.cc(73)] ReadMemory at 0x165d3af1ad0 of 132 bytes failed: 仅完成部分的 ReadProcessMemory 或 WriteProcessMemory 请求。 (0x12B)
[1021/140327.585:ERROR:process_memory_win.cc(73)] ReadMemory at 0x165d3af2490 of 76 bytes failed: 仅完成部分的 ReadProcessMemory 或 WriteProcessMemory 请求。 (0x12B)
[1021/140327.585:ERROR:process_memory_win.cc(73)] ReadMemory at 0x165d3af26d0 of 80 bytes failed: 仅完成部分的 ReadProcessMemory 或 WriteProcessMemory 请求。 (0x12B)
[1021/140327.585:ERROR:process_memory_win.cc(73)] ReadMemory at 0x165d3af2a20 of 132 bytes failed: 仅完成部分的 ReadProcessMemory 或 WriteProcessMemory 请求。 (0x12B)
[1021/140327.585:ERROR:process_memory_win.cc(73)] ReadMemory at 0x165d3af3840 of 132 bytes failed: 仅完成部分的 ReadProcessMemory 或 WriteProcessMemory 请求。 (0x12B)
[1021/140327.585:ERROR:process_memory_win.cc(73)] ReadMemory at 0x165d3af3c50 of 132 bytes failed: 仅完成部分的 ReadProcessMemory 或 WriteProcessMemory 请求。 (0x12B)
[1021/140327.585:ERROR:process_memory_win.cc(73)] ReadMemory at 0x165d3af4e80 of 144 bytes failed: 仅完成部分的 ReadProcessMemory 或 WriteProcessMemory 请求。 (0x12B)
[1021/140327.585:ERROR:process_memory_win.cc(73)] ReadMemory at 0x165d3af5ee0 of 132 bytes failed: 仅完成部分的 ReadProcessMemory 或 WriteProcessMemory 请求。 (0x12B)
[1021/140327.585:ERROR:process_memory_win.cc(73)] ReadMemory at 0x165d3afa0b0 of 132 bytes failed: 仅完成部分的 ReadProcessMemory 或 WriteProcessMemory 请求。 (0x12B)
[1021/140327.585:ERROR:process_memory_win.cc(73)] ReadMemory at 0x165d3afa400 of 132 bytes failed: 仅完成部分的 ReadProcessMemory 或 WriteProcessMemory 请求。 (0x12B)
[1021/140327.585:ERROR:process_memory_win.cc(73)] ReadMemory at 0x165d3afa640 of 62 bytes failed: 仅完成部分的 ReadProcessMemory 或 WriteProcessMemory 请求。 (0x12B)
[1021/140327.585:ERROR:process_memory_win.cc(73)] ReadMemory at 0x165d3afa6e0 of 58 bytes failed: 仅完成部分的 ReadProcessMemory 或 WriteProcessMemory 请求。 (0x12B)
[1021/140327.585:ERROR:process_memory_win.cc(73)] ReadMemory at 0x165d3afa730 of 64 bytes failed: 仅完成部分的 ReadProcessMemory 或 WriteProcessMemory 请求。 (0x12B)
[1021/140327.585:ERROR:process_memory_win.cc(73)] ReadMemory at 0x165d3afa780 of 60 bytes failed: 仅完成部分的 ReadProcessMemory 或 WriteProcessMemory 请求。 (0x12B)
[1021/140327.585:ERROR:process_memory_win.cc(73)] ReadMemory at 0x165d3afa820 of 64 bytes failed: 仅完成部分的 ReadProcessMemory 或 WriteProcessMemory 请求。 (0x12B)
[1021/140327.585:ERROR:process_memory_win.cc(73)] ReadMemory at 0x165d3afa870 of 64 bytes failed: 仅完成部分的 ReadProcessMemory 或 WriteProcessMemory 请求。 (0x12B)
[1021/140327.585:ERROR:process_memory_win.cc(73)] ReadMemory at 0x165d3afa8c0 of 62 bytes failed: 仅完成部分的 ReadProcessMemory 或 WriteProcessMemory 请求。 (0x12B)
[1021/140327.585:ERROR:process_memory_win.cc(73)] ReadMemory at 0x165d3afa960 of 64 bytes failed: 仅完成部分的 ReadProcessMemory 或 WriteProcessMemory 请求。 (0x12B)
[1021/140327.585:ERROR:process_memory_win.cc(73)] ReadMemory at 0x165d3afa9b0 of 62 bytes failed: 仅完成部分的 ReadProcessMemory 或 WriteProcessMemory 请求。 (0x12B)
[1021/140327.585:ERROR:process_memory_win.cc(73)] ReadMemory at 0x165d3afabe0 of 60 bytes failed: 仅完成部分的 ReadProcessMemory 或 WriteProcessMemory 请求。 (0x12B)
[1021/140327.585:ERROR:process_memory_win.cc(73)] ReadMemory at 0x165d3afac80 of 62 bytes failed: 仅完成部分的 ReadProcessMemory 或 WriteProcessMemory 请求。 (0x12B)
[1021/140327.585:ERROR:process_memory_win.cc(73)] ReadMemory at 0x165d3afacd0 of 60 bytes failed: 仅完成部分的 ReadProcessMemory 或 WriteProcessMemory 请求。 (0x12B)
[1021/140327.585:ERROR:process_memory_win.cc(73)] ReadMemory at 0x165d3afad20 of 62 bytes failed: 仅完成部分的 ReadProcessMemory 或 WriteProcessMemory 请求。 (0x12B)
[1021/140327.585:ERROR:process_memory_win.cc(73)] ReadMemory at 0x165d3afae60 of 62 bytes failed: 仅完成部分的 ReadProcessMemory 或 WriteProcessMemory 请求。 (0x12B)
[1021/140327.585:ERROR:process_memory_win.cc(73)] ReadMemory at 0x165d3afaeb0 of 64 bytes failed: 仅完成部分的 ReadProcessMemory 或 WriteProcessMemory 请求。 (0x12B)
[1021/140327.585:ERROR:process_memory_win.cc(73)] ReadMemory at 0x165d3afaf00 of 60 bytes failed: 仅完成部分的 ReadProcessMemory 或 WriteProcessMemory 请求。 (0x12B)
[1021/140327.585:ERROR:process_memory_win.cc(73)] ReadMemory at 0x165d3afaf50 of 60 bytes failed: 仅完成部分的 ReadProcessMemory 或 WriteProcessMemory 请求。 (0x12B)
[1021/140327.585:ERROR:process_memory_win.cc(73)] ReadMemory at 0x165d3afafa0 of 62 bytes failed: 仅完成部分的 ReadProcessMemory 或 WriteProcessMemory 请求。 (0x12B)
[1021/140327.585:ERROR:process_memory_win.cc(73)] ReadMemory at 0x165d3afb040 of 60 bytes failed: 仅完成部分的 ReadProcessMemory 或 WriteProcessMemory 请求。 (0x12B)
[1021/140327.586:ERROR:process_memory_win.cc(73)] ReadMemory at 0x165d3afb0e0 of 64 bytes failed: 仅完成部分的 ReadProcessMemory 或 WriteProcessMemory 请求。 (0x12B)
[1021/140327.586:ERROR:process_memory_win.cc(73)] ReadMemory at 0x165d3afb180 of 66 bytes failed: 仅完成部分的 ReadProcessMemory 或 WriteProcessMemory 请求。 (0x12B)
[1021/140327.586:ERROR:process_memory_win.cc(73)] ReadMemory at 0x165d3afb270 of 66 bytes failed: 仅完成部分的 ReadProcessMemory 或 WriteProcessMemory 请求。 (0x12B)
[1021/140327.586:ERROR:process_memory_win.cc(73)] ReadMemory at 0x165d3afb310 of 62 bytes failed: 仅完成部分的 ReadProcessMemory 或 WriteProcessMemory 请求。 (0x12B)
[1021/140327.586:ERROR:process_memory_win.cc(73)] ReadMemory at 0x165d3afb360 of 62 bytes failed: 仅完成部分的 ReadProcessMemory 或 WriteProcessMemory 请求。 (0x12B)
[1021/140327.586:ERROR:process_memory_win.cc(73)] ReadMemory at 0x165d3afb3b0 of 62 bytes failed: 仅完成部分的 ReadProcessMemory 或 WriteProcessMemory 请求。 (0x12B)
[1021/140327.586:ERROR:process_memory_win.cc(73)] ReadMemory at 0x165d3afb4a0 of 64 bytes failed: 仅完成部分的 ReadProcessMemory 或 WriteProcessMemory 请求。 (0x12B)
[1021/140327.586:ERROR:process_memory_win.cc(73)] ReadMemory at 0x165d3afb4f0 of 64 bytes failed: 仅完成部分的 ReadProcessMemory 或 WriteProcessMemory 请求。 (0x12B)
[1021/140327.586:ERROR:process_memory_win.cc(73)] ReadMemory at 0x165d3afbfb0 of 80 bytes failed: 仅完成部分的 ReadProcessMemory 或 WriteProcessMemory 请求。 (0x12B)
[1021/140327.586:ERROR:process_memory_win.cc(73)] ReadMemory at 0x165d3afe850 of 132 bytes failed: 仅完成部分的 ReadProcessMemory 或 WriteProcessMemory 请求。 (0x12B)
[1021/140327.586:ERROR:process_memory_win.cc(73)] ReadMemory at 0x165d3afeb70 of 132 bytes failed: 仅完成部分的 ReadProcessMemory 或 WriteProcessMemory 请求。 (0x12B)
[1021/140327.586:ERROR:process_memory_win.cc(73)] ReadMemory at 0x165d3afed90 of 132 bytes failed: 仅完成部分的 ReadProcessMemory 或 WriteProcessMemory 请求。 (0x12B)
[1021/140327.586:ERROR:process_memory_win.cc(73)] ReadMemory at 0x165d3aff000 of 132 bytes failed: 仅完成部分的 ReadProcessMemory 或 WriteProcessMemory 请求。 (0x12B)
[1021/140327.586:ERROR:process_memory_win.cc(73)] ReadMemory at 0x165d3aff130 of 132 bytes failed: 仅完成部分的 ReadProcessMemory 或 WriteProcessMemory 请求。 (0x12B)
[1021/140327.586:ERROR:process_memory_win.cc(73)] ReadMemory at 0x165d3aff260 of 132 bytes failed: 仅完成部分的 ReadProcessMemory 或 WriteProcessMemory 请求。 (0x12B)
[1021/140327.586:ERROR:process_memory_win.cc(73)] ReadMemory at 0x165d3aff390 of 132 bytes failed: 仅完成部分的 ReadProcessMemory 或 WriteProcessMemory 请求。 (0x12B)
[1021/140327.586:ERROR:process_memory_win.cc(73)] ReadMemory at 0x165d3aff4c0 of 132 bytes failed: 仅完成部分的 ReadProcessMemory 或 WriteProcessMemory 请求。 (0x12B)
[1021/140327.586:ERROR:process_memory_win.cc(73)] ReadMemory at 0x165d3aff5f0 of 132 bytes failed: 仅完成部分的 ReadProcessMemory 或 WriteProcessMemory 请求。 (0x12B)
[1021/140327.586:ERROR:process_memory_win.cc(73)] ReadMemory at 0x165d3aff720 of 132 bytes failed: 仅完成部分的 ReadProcessMemory 或 WriteProcessMemory 请求。 (0x12B)
[1021/140327.586:ERROR:process_memory_win.cc(73)] ReadMemory at 0x165d3aff850 of 132 bytes failed: 仅完成部分的 ReadProcessMemory 或 WriteProcessMemory 请求。 (0x12B)
[1021/140327.586:ERROR:process_memory_win.cc(73)] ReadMemory at 0x165d3affab0 of 132 bytes failed: 仅完成部分的 ReadProcessMemory 或 WriteProcessMemory 请求。 (0x12B)
[1021/140327.586:ERROR:process_memory_win.cc(73)] ReadMemory at 0x165d3affbe0 of 132 bytes failed: 仅完成部分的 ReadProcessMemory 或 WriteProcessMemory 请求。 (0x12B)
[1021/140327.586:ERROR:process_memory_win.cc(73)] ReadMemory at 0x165d3affd10 of 132 bytes failed: 仅完成部分的 ReadProcessMemory 或 WriteProcessMemory 请求。 (0x12B)
[1021/140327.586:ERROR:process_memory_win.cc(73)] ReadMemory at 0x165d3affe40 of 132 bytes failed: 仅完成部分的 ReadProcessMemory 或 WriteProcessMemory 请求。 (0x12B)
[1021/140327.586:ERROR:process_memory_win.cc(73)] ReadMemory at 0x165d3b00a40 of 132 bytes failed: 仅完成部分的 ReadProcessMemory 或 WriteProcessMemory 请求。 (0x12B)
[1021/140327.586:ERROR:process_memory_win.cc(73)] ReadMemory at 0x165d3b01160 of 132 bytes failed: 仅完成部分的 ReadProcessMemory 或 WriteProcessMemory 请求。 (0x12B)
[1021/140327.586:ERROR:process_memory_win.cc(73)] ReadMemory at 0x165d3b01290 of 132 bytes failed: 仅完成部分的 ReadProcessMemory 或 WriteProcessMemory 请求。 (0x12B)
[1021/140327.586:ERROR:process_memory_win.cc(73)] ReadMemory at 0x165d3b013c0 of 132 bytes failed: 仅完成部分的 ReadProcessMemory 或 WriteProcessMemory 请求。 (0x12B)
[1021/140327.586:ERROR:process_memory_win.cc(73)] ReadMemory at 0x165d3b014f0 of 132 bytes failed: 仅完成部分的 ReadProcessMemory 或 WriteProcessMemory 请求。 (0x12B)
[1021/140327.586:ERROR:process_memory_win.cc(73)] ReadMemory at 0x165d3b01620 of 132 bytes failed: 仅完成部分的 ReadProcessMemory 或 WriteProcessMemory 请求。 (0x12B)
[1021/140327.586:ERROR:process_memory_win.cc(73)] ReadMemory at 0x165d3b01750 of 132 bytes failed: 仅完成部分的 ReadProcessMemory 或 WriteProcessMemory 请求。 (0x12B)
[1021/140327.586:ERROR:process_memory_win.cc(73)] ReadMemory at 0x165d3b02200 of 132 bytes failed: 仅完成部分的 ReadProcessMemory 或 WriteProcessMemory 请求。 (0x12B)
[1021/140327.586:ERROR:process_memory_win.cc(73)] ReadMemory at 0x165d3b02460 of 132 bytes failed: 仅完成部分的 ReadProcessMemory 或 WriteProcessMemory 请求。 (0x12B)
[1021/140327.586:ERROR:process_memory_win.cc(73)] ReadMemory at 0x165d3b02590 of 132 bytes failed: 仅完成部分的 ReadProcessMemory 或 WriteProcessMemory 请求。 (0x12B)
[1021/140327.586:ERROR:process_memory_win.cc(73)] ReadMemory at 0x165d3b4b230 of 512 bytes failed: 仅完成部分的 ReadProcessMemory 或 WriteProcessMemory 请求。 (0x12B)
[1021/140327.586:ERROR:process_memory_win.cc(73)] ReadMemory at 0x165d3b4bf30 of 512 bytes failed: 仅完成部分的 ReadProcessMemory 或 WriteProcessMemory 请求。 (0x12B)
[1021/140327.586:ERROR:process_memory_win.cc(73)] ReadMemory at 0x165d3b4c680 of 512 bytes failed: 仅完成部分的 ReadProcessMemory 或 WriteProcessMemory 请求。 (0x12B)
[1021/140327.586:ERROR:process_memory_win.cc(73)] ReadMemory at 0x165d3b4cdb0 of 512 bytes failed: 仅完成部分的 ReadProcessMemory 或 WriteProcessMemory 请求。 (0x12B)
[1021/140327.587:ERROR:process_memory_win.cc(73)] ReadMemory at 0x165d3b60120 of 512 bytes failed: 仅完成部分的 ReadProcessMemory 或 WriteProcessMemory 请求。 (0x12B)
[1021/140327.587:ERROR:process_memory_win.cc(73)] ReadMemory at 0x165d3b6c050 of 712 bytes failed: 仅完成部分的 ReadProcessMemory 或 WriteProcessMemory 请求。 (0x12B)
[1021/140327.587:ERROR:process_memory_win.cc(73)] ReadMemory at 0x165d3b76030 of 512 bytes failed: 仅完成部分的 ReadProcessMemory 或 WriteProcessMemory 请求。 (0x12B)
[1021/140327.587:ERROR:process_memory_win.cc(73)] ReadMemory at 0x165d3b7c530 of 512 bytes failed: 仅完成部分的 ReadProcessMemory 或 WriteProcessMemory 请求。 (0x12B)
[1021/140327.587:ERROR:process_memory_win.cc(73)] ReadMemory at 0x165d3b86c90 of 512 bytes failed: 仅完成部分的 ReadProcessMemory 或 WriteProcessMemory 请求。 (0x12B)
[1021/140327.587:ERROR:process_memory_win.cc(73)] ReadMemory at 0x165d3b95b00 of 512 bytes failed: 仅完成部分的 ReadProcessMemory 或 WriteProcessMemory 请求。 (0x12B)
[1021/140327.587:ERROR:process_memory_win.cc(73)] ReadMemory at 0x165d3b96980 of 512 bytes failed: 仅完成部分的 ReadProcessMemory 或 WriteProcessMemory 请求。 (0x12B)
[1021/140327.587:ERROR:process_memory_win.cc(73)] ReadMemory at 0x165d3c20dc0 of 512 bytes failed: 仅完成部分的 ReadProcessMemory 或 WriteProcessMemory 请求。 (0x12B)
[1021/140327.587:ERROR:process_memory_win.cc(73)] ReadMemory at 0x165d3c225c0 of 512 bytes failed: 仅完成部分的 ReadProcessMemory 或 WriteProcessMemory 请求。 (0x12B)
[1021/140327.587:ERROR:process_memory_win.cc(73)] ReadMemory at 0x165d5450000 of 384 bytes failed: 仅完成部分的 ReadProcessMemory 或 WriteProcessMemory 请求。 (0x12B)
[1021/140327.587:ERROR:process_memory_win.cc(73)] ReadMemory at 0x165d5453090 of 512 bytes failed: 仅完成部分的 ReadProcessMemory 或 WriteProcessMemory 请求。 (0x12B)
[1021/140327.587:ERROR:process_memory_win.cc(73)] ReadMemory at 0x165d5459de8 of 1520 bytes failed: 仅完成部分的 ReadProcessMemory 或 WriteProcessMemory 请求。 (0x12B)
[1021/140327.587:ERROR:process_memory_win.cc(73)] ReadMemory at 0x165d550cbc2 of 852 bytes failed: 仅完成部分的 ReadProcessMemory 或 WriteProcessMemory 请求。 (0x12B)
[1021/140327.587:ERROR:process_memory_win.cc(73)] ReadMemory at 0x165d5514820 of 512 bytes failed: 仅完成部分的 ReadProcessMemory 或 WriteProcessMemory 请求。 (0x12B)
[1021/140327.587:ERROR:process_memory_win.cc(73)] ReadMemory at 0x165d57df210 of 512 bytes failed: 仅完成部分的 ReadProcessMemory 或 WriteProcessMemory 请求。 (0x12B)
[1021/140327.587:ERROR:process_memory_win.cc(73)] ReadMemory at 0x165d8b0a180 of 512 bytes failed: 仅完成部分的 ReadProcessMemory 或 WriteProcessMemory 请求。 (0x12B)
[1021/140327.587:ERROR:process_memory_win.cc(73)] ReadMemory at 0x165dc6b8c94 of 512 bytes failed: 仅完成部分的 ReadProcessMemory 或 WriteProcessMemory 请求。 (0x12B)
[1021/140327.587:ERROR:process_memory_win.cc(73)] ReadMemory at 0x165dc6b94c0 of 512 bytes failed: 仅完成部分的 ReadProcessMemory 或 WriteProcessMemory 请求。 (0x12B)
[1021/140327.587:ERROR:process_memory_win.cc(73)] ReadMemory at 0x165dd203b90 of 512 bytes failed: 仅完成部分的 ReadProcessMemory 或 WriteProcessMemory 请求。 (0x12B)
[1021/140327.587:ERROR:process_memory_win.cc(73)] ReadMemory at 0x9004a8b6780 of 512 bytes failed: 仅完成部分的 ReadProcessMemory 或 WriteProcessMemory 请求。 (0x12B)
[1021/140327.587:ERROR:process_memory_win.cc(73)] ReadMemory at 0x9004abdff80 of 512 bytes failed: 仅完成部分的 ReadProcessMemory 或 WriteProcessMemory 请求。 (0x12B)
[1021/140327.587:ERROR:process_memory_win.cc(73)] ReadMemory at 0x7ffd20e5d620 of 1024 bytes failed: 仅完成部分的 ReadProcessMemory 或 WriteProcessMemory 请求。 (0x12B)
[1021/140327.587:ERROR:process_memory_win.cc(73)] ReadMemory at 0x7ffda4853aa9 of 512 bytes failed: 仅完成部分的 ReadProcessMemory 或 WriteProcessMemory 请求。 (0x12B)
[1021/140327.587:ERROR:process_memory_win.cc(73)] ReadMemory at 0x7ffda4a7d700 of 512 bytes failed: 仅完成部分的 ReadProcessMemory 或 WriteProcessMemory 请求。 (0x12B)
[1021/140327.587:ERROR:process_memory_win.cc(73)] ReadMemory at 0x7ffda6901fd0 of 512 bytes failed: 仅完成部分的 ReadProcessMemory 或 WriteProcessMemory 请求。 (0x12B)
[1021/140327.587:ERROR:process_memory_win.cc(73)] ReadMemory at 0x7ffda789c0c4 of 672 bytes failed: 仅完成部分的 ReadProcessMemory 或 WriteProcessMemory 请求。 (0x12B)
[1021/140327.587:ERROR:process_memory_win.cc(73)] ReadMemory at 0x7ffda789c6c4 of 512 bytes failed: 仅完成部分的 ReadProcessMemory 或 WriteProcessMemory 请求。 (0x12B)
[1021/140327.587:ERROR:process_memory_win.cc(73)] ReadMemory at 0x7ffda789f974 of 608 bytes failed: 仅完成部分的 ReadProcessMemory 或 WriteProcessMemory 请求。 (0x12B)
[1021/140327.587:ERROR:process_memory_win.cc(73)] ReadMemory at 0x7ffda792c428 of 18 bytes failed: 仅完成部分的 ReadProcessMemory 或 WriteProcessMemory 请求。 (0x12B)
[1021/140327.587:ERROR:process_memory_win.cc(73)] ReadMemory at 0x7ffda795f4f8 of 40 bytes failed: 仅完成部分的 ReadProcessMemory 或 WriteProcessMemory 请求。 (0x12B)
[1021/140327.587:ERROR:process_memory_win.cc(73)] ReadMemory at 0x7ffda795f978 of 48 bytes failed: 仅完成部分的 ReadProcessMemory 或 WriteProcessMemory 请求。 (0x12B)
[1021/140327.587:ERROR:process_memory_win.cc(73)] ReadMemory at 0x7ffda79653c0 of 64 bytes failed: 仅完成部分的 ReadProcessMemory 或 WriteProcessMemory 请求。 (0x12B)
[1021/140327.589:ERROR:filesystem_win.cc(129)] GetFileAttributes C:\Users\eduardo.zou\AppData\Local\Google\Chrome\User Data\Crashpad\attachments\ed089902-4152-4d58-8366-88a678f2bdc2: 系统找不到指定的路径。 (0x3)
[1021/140327.588:ERROR:scoped_process_suspend.cc(40)] NtResumeProcess: 已尝试访问正在退出的过程。 (0xc000010a)
